{"name":"Report activities on maxtime","id":"reto4screenplay;report-activities-on-maxtime","testSteps":[{"number":1,"description":"Given Santiago as a test analyst\r\n| user | password |\r\n| jmolanop | 3158985879Ss. |","duration":22941,"startTime":"2018-10-02T16:42:28.034-05:00[America/Bogota]","screenshots":[{"screenshot":"2cd6bd9264778e9614b7b1cd2b5765b4dcae5693673e61e9ddf6fe35f87f544a.png"}],"result":"SUCCESS","precondition":false,"children":[{"number":2,"description":"Santiago opens the Max time","duration":15190,"startTime":"2018-10-02T16:42:29.696-05:00[America/Bogota]","screenshots":[{"screenshot":"eaa07fd5e5103e7b27d14d277c769482e5ce126f9cdeefb76d3f1bc388ff6543.png"}],"result":"SUCCESS","precondition":false},{"number":3,"description":"Santiago enters \u0027jmolanop\u0027 into user name field","duration":1590,"startTime":"2018-10-02T16:42:44.902-05:00[America/Bogota]","screenshots":[{"screenshot":"142eb5944d94f1e86e50956528a38123a671ca9e29edf1baf0e13f038a1b34d9.png"}],"result":"SUCCESS","precondition":false},{"number":4,"description":"Santiago enters \u00273158985879Ss.\u0027 into password field","duration":1504,"startTime":"2018-10-02T16:42:46.507-05:00[America/Bogota]","screenshots":[{"screenshot":"2a682d7b33c3b16dbee8e5e3e3e0de37155d202b76372eb566757f299b635c7a.png"}],"result":"SUCCESS","precondition":false},{"number":5,"description":"Santiago clicks on log in button","duration":2603,"startTime":"2018-10-02T16:42:48.027-05:00[America/Bogota]","screenshots":[{"screenshot":"715e7650797b62df29ba02eb6ea44f8a75f3d3be3fc419ab4ade6bbb18f09bc8.png"}],"result":"SUCCESS","precondition":false}]},{"number":6,"description":"When Santiago wants to perform the report of his activies of Maxtime\r\n| proyectName |\r\n| core recaudos |","duration":16433,"startTime":"2018-10-02T16:42:50.975-05:00[America/Bogota]","exception":{"errorType":"net.thucydides.core.webdriver.exceptions.ElementShouldBeEnabledException","message":"The following error occurred: Expected enabled element was not enabled","stackTrace":[{"declaringClass":"co.com.choucairtesting.certification.reto4screenplay.task.Report","methodName":"performAs","fileName":"Report.java","lineNumber":42},{"declaringClass":"co.com.choucairtesting.certificacion.reto4screenplay.stepdefinitions.Reto4ScreenPlayStepDefinitions","methodName":"santiago_wants_to_perform_the_report_of_his_activies_of_Maxtime","fileName":"Reto4ScreenPlayStepDefinitions.java","lineNumber":23},{"declaringClass":"cucumber.runner.Runner","methodName":"runPickle","fileName":"Runner.java","lineNumber":80}],"rootCause":{"errorType":"org.openqa.selenium.TimeoutException","message":"Expected condition failed: waiting for By.xpath: //*[@id\u003d\u0027Dialog_v7_LE_v8_tccell1_0\u0027]/table/tbody/tr/td/ to be enabled (tried for 5 second(s) with 100 milliseconds interval)","stackTrace":[{"declaringClass":"co.com.choucairtesting.certification.reto4screenplay.task.Report","methodName":"performAs","fileName":"Report.java","lineNumber":42},{"declaringClass":"co.com.choucairtesting.certificacion.reto4screenplay.stepdefinitions.Reto4ScreenPlayStepDefinitions","methodName":"santiago_wants_to_perform_the_report_of_his_activies_of_Maxtime","fileName":"Reto4ScreenPlayStepDefinitions.java","lineNumber":23},{"declaringClass":"cucumber.runner.Runner","methodName":"runPickle","fileName":"Runner.java","lineNumber":80}],"rootCause":{"errorType":"org.openqa.selenium.InvalidSelectorException","message":"invalid selector: Unable to locate an element with the xpath expression //*[@id\u003d\u0027Dialog_v7_LE_v8_tccell1_0\u0027]/table/tbody/tr/td/ because of the following error:\nSyntaxError: Failed to execute \u0027evaluate\u0027 on \u0027Document\u0027: The string \u0027//*[@id\u003d\u0027Dialog_v7_LE_v8_tccell1_0\u0027]/table/tbody/tr/td/\u0027 is not a valid XPath expression.\n  (Session info: chrome\u003d69.0.3497.100)\n  (Driver info: chromedriver\u003d2.39.562718 (9a2698cba08cf5a471a29d30c8b3e12becabb0e9),platform\u003dWindows NT 10.0.16299 x86_64) (WARNING: The server did not provide any stacktrace information)\nCommand duration or timeout: 0 milliseconds\nFor documentation on this error, please visit: http://seleniumhq.org/exceptions/invalid_selector_exception.html\nBuild info: version: \u00273.11.0\u0027, revision: \u0027e59cfb3\u0027, time: \u00272018-03-11T20:26:55.152Z\u0027\nSystem info: host: \u0027CHMEPPF0HG8X0\u0027, ip: \u002710.11.25.180\u0027, os.name: \u0027Windows 10\u0027, os.arch: \u0027amd64\u0027, os.version: \u002710.0\u0027, java.version: \u00271.8.0_131\u0027\nDriver info: org.openqa.selenium.remote.RemoteWebDriver\nCapabilities {acceptInsecureCerts: false, acceptSslCerts: false, applicationCacheEnabled: false, browserConnectionEnabled: false, browserName: chrome, chrome: {chromedriverVersion: 2.39.562718 (9a2698cba08cf5..., userDataDir: C:\\Users\\jmolanop\\AppData\\L...}, cssSelectorsEnabled: true, databaseEnabled: false, handlesAlerts: true, hasTouchScreen: false, javascriptEnabled: true, locationContextEnabled: true, mobileEmulationEnabled: false, nativeEvents: true, networkConnectionEnabled: false, pageLoadStrategy: normal, platform: XP, platformName: XP, rotatable: false, setWindowRect: true, takesHeapSnapshot: true, takesScreenshot: true, unexpectedAlertBehaviour: , unhandledPromptBehavior: , version: 69.0.3497.100, webStorageEnabled: true}\nSession ID: b969a7dce57e05625447cb3d20bcb4e9\n*** Element info: {Using\u003dxpath, value\u003d//*[@id\u003d\u0027Dialog_v7_LE_v8_tccell1_0\u0027]/table/tbody/tr/td/}","stackTrace":[{"declaringClass":"co.com.choucairtesting.certification.reto4screenplay.task.Report","methodName":"performAs","fileName":"Report.java","lineNumber":42},{"declaringClass":"co.com.choucairtesting.certificacion.reto4screenplay.stepdefinitions.Reto4ScreenPlayStepDefinitions","methodName":"santiago_wants_to_perform_the_report_of_his_activies_of_Maxtime","fileName":"Reto4ScreenPlayStepDefinitions.java","lineNumber":23},{"declaringClass":"cucumber.runner.Runner","methodName":"runPickle","fileName":"Runner.java","lineNumber":80}]}}},"result":"FAILURE","precondition":false,"children":[{"number":7,"description":"Santiago clicks on date field","duration":667,"startTime":"2018-10-02T16:42:58.007-05:00[America/Bogota]","screenshots":[{"screenshot":"4d0746f3ddd1dea0adaf5db6598a779de35da6d906e72c282d9ea83b82c1ee7c.png"}],"result":"SUCCESS","precondition":false},{"number":8,"description":"Then working","duration":1046,"startTime":"2018-10-02T16:42:58.822-05:00[America/Bogota]","screenshots":[{"screenshot":"1412c13ab3a141784121bb35aedc12c3e62aa972818ec7fd8b25e07fad8ca340.png"}],"result":"SUCCESS","precondition":false},{"number":9,"description":"Santiago clicks on new day","duration":700,"startTime":"2018-10-02T16:42:59.868-05:00[America/Bogota]","screenshots":[{"screenshot":"d7f2b6b7460842c7eab7fdedd8bfa94f0b8cad8730d8af163b89b80efaa54c9a.png"}],"result":"SUCCESS","precondition":false},{"number":10,"description":"Santiago clicks on glasses button","duration":1187,"startTime":"2018-10-02T16:43:00.572-05:00[America/Bogota]","screenshots":[{"screenshot":"daad34d3651cf0c3d006f9c6f68e99f3fb2190870f5bffbcc8106b7c6a4b32c8.png"}],"result":"SUCCESS","precondition":false},{"number":11,"description":"Santiago clicks on proyect name field","duration":5634,"startTime":"2018-10-02T16:43:01.759-05:00[America/Bogota]","screenshots":[{"screenshot":"d569e72e4d8b0bf60c5e1c02b9ad5c734332f1807b4ae18d7c52c12438f374bb.png","htmlSource":"pagesource1316950109607416501.html.txt"}],"exception":{"errorType":"net.thucydides.core.webdriver.exceptions.ElementShouldBeEnabledException","message":"The following error occurred: Expected enabled element was not enabled","stackTrace":[{"declaringClass":"co.com.choucairtesting.certification.reto4screenplay.task.Report","methodName":"performAs","fileName":"Report.java","lineNumber":42},{"declaringClass":"co.com.choucairtesting.certificacion.reto4screenplay.stepdefinitions.Reto4ScreenPlayStepDefinitions","methodName":"santiago_wants_to_perform_the_report_of_his_activies_of_Maxtime","fileName":"Reto4ScreenPlayStepDefinitions.java","lineNumber":23},{"declaringClass":"cucumber.runner.Runner","methodName":"runPickle","fileName":"Runner.java","lineNumber":80}],"rootCause":{"errorType":"org.openqa.selenium.TimeoutException","message":"Expected condition failed: waiting for By.xpath: //*[@id\u003d\u0027Dialog_v7_LE_v8_tccell1_0\u0027]/table/tbody/tr/td/ to be enabled (tried for 5 second(s) with 100 milliseconds interval)","stackTrace":[{"declaringClass":"co.com.choucairtesting.certification.reto4screenplay.task.Report","methodName":"performAs","fileName":"Report.java","lineNumber":42},{"declaringClass":"co.com.choucairtesting.certificacion.reto4screenplay.stepdefinitions.Reto4ScreenPlayStepDefinitions","methodName":"santiago_wants_to_perform_the_report_of_his_activies_of_Maxtime","fileName":"Reto4ScreenPlayStepDefinitions.java","lineNumber":23},{"declaringClass":"cucumber.runner.Runner","methodName":"runPickle","fileName":"Runner.java","lineNumber":80}],"rootCause":{"errorType":"org.openqa.selenium.InvalidSelectorException","message":"invalid selector: Unable to locate an element with the xpath expression //*[@id\u003d\u0027Dialog_v7_LE_v8_tccell1_0\u0027]/table/tbody/tr/td/ because of the following error:\nSyntaxError: Failed to execute \u0027evaluate\u0027 on \u0027Document\u0027: The string \u0027//*[@id\u003d\u0027Dialog_v7_LE_v8_tccell1_0\u0027]/table/tbody/tr/td/\u0027 is not a valid XPath expression.\n  (Session info: chrome\u003d69.0.3497.100)\n  (Driver info: chromedriver\u003d2.39.562718 (9a2698cba08cf5a471a29d30c8b3e12becabb0e9),platform\u003dWindows NT 10.0.16299 x86_64) (WARNING: The server did not provide any stacktrace information)\nCommand duration or timeout: 0 milliseconds\nFor documentation on this error, please visit: http://seleniumhq.org/exceptions/invalid_selector_exception.html\nBuild info: version: \u00273.11.0\u0027, revision: \u0027e59cfb3\u0027, time: \u00272018-03-11T20:26:55.152Z\u0027\nSystem info: host: \u0027CHMEPPF0HG8X0\u0027, ip: \u002710.11.25.180\u0027, os.name: \u0027Windows 10\u0027, os.arch: \u0027amd64\u0027, os.version: \u002710.0\u0027, java.version: \u00271.8.0_131\u0027\nDriver info: org.openqa.selenium.remote.RemoteWebDriver\nCapabilities {acceptInsecureCerts: false, acceptSslCerts: false, applicationCacheEnabled: false, browserConnectionEnabled: false, browserName: chrome, chrome: {chromedriverVersion: 2.39.562718 (9a2698cba08cf5..., userDataDir: C:\\Users\\jmolanop\\AppData\\L...}, cssSelectorsEnabled: true, databaseEnabled: false, handlesAlerts: true, hasTouchScreen: false, javascriptEnabled: true, locationContextEnabled: true, mobileEmulationEnabled: false, nativeEvents: true, networkConnectionEnabled: false, pageLoadStrategy: normal, platform: XP, platformName: XP, rotatable: false, setWindowRect: true, takesHeapSnapshot: true, takesScreenshot: true, unexpectedAlertBehaviour: , unhandledPromptBehavior: , version: 69.0.3497.100, webStorageEnabled: true}\nSession ID: b969a7dce57e05625447cb3d20bcb4e9\n*** Element info: {Using\u003dxpath, value\u003d//*[@id\u003d\u0027Dialog_v7_LE_v8_tccell1_0\u0027]/table/tbody/tr/td/}","stackTrace":[{"declaringClass":"co.com.choucairtesting.certification.reto4screenplay.task.Report","methodName":"performAs","fileName":"Report.java","lineNumber":42},{"declaringClass":"co.com.choucairtesting.certificacion.reto4screenplay.stepdefinitions.Reto4ScreenPlayStepDefinitions","methodName":"santiago_wants_to_perform_the_report_of_his_activies_of_Maxtime","fileName":"Reto4ScreenPlayStepDefinitions.java","lineNumber":23},{"declaringClass":"cucumber.runner.Runner","methodName":"runPickle","fileName":"Runner.java","lineNumber":80}]}}},"result":"FAILURE","precondition":false}]},{"number":12,"description":"Perform as: Santiago","duration":0,"startTime":"2018-10-02T16:43:07.408-05:00[America/Bogota]","exception":{"errorType":"net.thucydides.core.webdriver.exceptions.ElementShouldBeEnabledException","message":"The following error occurred: Expected enabled element was not enabled","stackTrace":[{"declaringClass":"co.com.choucairtesting.certification.reto4screenplay.task.Report","methodName":"performAs","fileName":"Report.java","lineNumber":42},{"declaringClass":"co.com.choucairtesting.certificacion.reto4screenplay.stepdefinitions.Reto4ScreenPlayStepDefinitions","methodName":"santiago_wants_to_perform_the_report_of_his_activies_of_Maxtime","fileName":"Reto4ScreenPlayStepDefinitions.java","lineNumber":23},{"declaringClass":"cucumber.runner.Runner","methodName":"runPickle","fileName":"Runner.java","lineNumber":80}],"rootCause":{"errorType":"org.openqa.selenium.TimeoutException","message":"Expected condition failed: waiting for By.xpath: //*[@id\u003d\u0027Dialog_v7_LE_v8_tccell1_0\u0027]/table/tbody/tr/td/ to be enabled (tried for 5 second(s) with 100 milliseconds interval)","stackTrace":[{"declaringClass":"co.com.choucairtesting.certification.reto4screenplay.task.Report","methodName":"performAs","fileName":"Report.java","lineNumber":42},{"declaringClass":"co.com.choucairtesting.certificacion.reto4screenplay.stepdefinitions.Reto4ScreenPlayStepDefinitions","methodName":"santiago_wants_to_perform_the_report_of_his_activies_of_Maxtime","fileName":"Reto4ScreenPlayStepDefinitions.java","lineNumber":23},{"declaringClass":"cucumber.runner.Runner","methodName":"runPickle","fileName":"Runner.java","lineNumber":80}],"rootCause":{"errorType":"org.openqa.selenium.InvalidSelectorException","message":"invalid selector: Unable to locate an element with the xpath expression //*[@id\u003d\u0027Dialog_v7_LE_v8_tccell1_0\u0027]/table/tbody/tr/td/ because of the following error:\nSyntaxError: Failed to execute \u0027evaluate\u0027 on \u0027Document\u0027: The string \u0027//*[@id\u003d\u0027Dialog_v7_LE_v8_tccell1_0\u0027]/table/tbody/tr/td/\u0027 is not a valid XPath expression.\n  (Session info: chrome\u003d69.0.3497.100)\n  (Driver info: chromedriver\u003d2.39.562718 (9a2698cba08cf5a471a29d30c8b3e12becabb0e9),platform\u003dWindows NT 10.0.16299 x86_64) (WARNING: The server did not provide any stacktrace information)\nCommand duration or timeout: 0 milliseconds\nFor documentation on this error, please visit: http://seleniumhq.org/exceptions/invalid_selector_exception.html\nBuild info: version: \u00273.11.0\u0027, revision: \u0027e59cfb3\u0027, time: \u00272018-03-11T20:26:55.152Z\u0027\nSystem info: host: \u0027CHMEPPF0HG8X0\u0027, ip: \u002710.11.25.180\u0027, os.name: \u0027Windows 10\u0027, os.arch: \u0027amd64\u0027, os.version: \u002710.0\u0027, java.version: \u00271.8.0_131\u0027\nDriver info: org.openqa.selenium.remote.RemoteWebDriver\nCapabilities {acceptInsecureCerts: false, acceptSslCerts: false, applicationCacheEnabled: false, browserConnectionEnabled: false, browserName: chrome, chrome: {chromedriverVersion: 2.39.562718 (9a2698cba08cf5..., userDataDir: C:\\Users\\jmolanop\\AppData\\L...}, cssSelectorsEnabled: true, databaseEnabled: false, handlesAlerts: true, hasTouchScreen: false, javascriptEnabled: true, locationContextEnabled: true, mobileEmulationEnabled: false, nativeEvents: true, networkConnectionEnabled: false, pageLoadStrategy: normal, platform: XP, platformName: XP, rotatable: false, setWindowRect: true, takesHeapSnapshot: true, takesScreenshot: true, unexpectedAlertBehaviour: , unhandledPromptBehavior: , version: 69.0.3497.100, webStorageEnabled: true}\nSession ID: b969a7dce57e05625447cb3d20bcb4e9\n*** Element info: {Using\u003dxpath, value\u003d//*[@id\u003d\u0027Dialog_v7_LE_v8_tccell1_0\u0027]/table/tbody/tr/td/}","stackTrace":[{"declaringClass":"co.com.choucairtesting.certification.reto4screenplay.task.Report","methodName":"performAs","fileName":"Report.java","lineNumber":42},{"declaringClass":"co.com.choucairtesting.certificacion.reto4screenplay.stepdefinitions.Reto4ScreenPlayStepDefinitions","methodName":"santiago_wants_to_perform_the_report_of_his_activies_of_Maxtime","fileName":"Reto4ScreenPlayStepDefinitions.java","lineNumber":23},{"declaringClass":"cucumber.runner.Runner","methodName":"runPickle","fileName":"Runner.java","lineNumber":80}]}}},"result":"FAILURE","precondition":false},{"number":13,"description":"Then to fullfill the task that his must carry out daily","duration":0,"startTime":"2018-10-02T16:43:07.424-05:00[America/Bogota]","result":"SKIPPED","precondition":false}],"userStory":{"id":"reto4screenplay","storyName":"Reto4Screenplay","path":"src/test/resources/features/reto_4_screenplay.feature","type":"feature"},"featureTag":{"name":"Features/Reto4Screenplay","type":"feature"},"title":"Report activities on maxtime","tags":[{"name":"successFullCase","type":"tag"},{"name":"Reto4 screenplay","type":"feature"},{"name":"Regresion","type":"tag"}],"startTime":"2018-10-02T16:42:25.578-05:00[America/Bogota]","duration":42430,"testFailureCause":{"errorType":"net.thucydides.core.webdriver.exceptions.ElementShouldBeEnabledException","message":"The following error occurred: Expected enabled element was not enabled","stackTrace":[{"declaringClass":"co.com.choucairtesting.certification.reto4screenplay.task.Report","methodName":"performAs","fileName":"Report.java","lineNumber":42},{"declaringClass":"co.com.choucairtesting.certificacion.reto4screenplay.stepdefinitions.Reto4ScreenPlayStepDefinitions","methodName":"santiago_wants_to_perform_the_report_of_his_activies_of_Maxtime","fileName":"Reto4ScreenPlayStepDefinitions.java","lineNumber":23},{"declaringClass":"cucumber.runner.Runner","methodName":"runPickle","fileName":"Runner.java","lineNumber":80}],"rootCause":{"errorType":"org.openqa.selenium.TimeoutException","message":"Expected condition failed: waiting for By.xpath: //*[@id\u003d\u0027Dialog_v7_LE_v8_tccell1_0\u0027]/table/tbody/tr/td/ to be enabled (tried for 5 second(s) with 100 milliseconds interval)","stackTrace":[{"declaringClass":"co.com.choucairtesting.certification.reto4screenplay.task.Report","methodName":"performAs","fileName":"Report.java","lineNumber":42},{"declaringClass":"co.com.choucairtesting.certificacion.reto4screenplay.stepdefinitions.Reto4ScreenPlayStepDefinitions","methodName":"santiago_wants_to_perform_the_report_of_his_activies_of_Maxtime","fileName":"Reto4ScreenPlayStepDefinitions.java","lineNumber":23},{"declaringClass":"cucumber.runner.Runner","methodName":"runPickle","fileName":"Runner.java","lineNumber":80}],"rootCause":{"errorType":"org.openqa.selenium.InvalidSelectorException","message":"invalid selector: Unable to locate an element with the xpath expression //*[@id\u003d\u0027Dialog_v7_LE_v8_tccell1_0\u0027]/table/tbody/tr/td/ because of the following error:\nSyntaxError: Failed to execute \u0027evaluate\u0027 on \u0027Document\u0027: The string \u0027//*[@id\u003d\u0027Dialog_v7_LE_v8_tccell1_0\u0027]/table/tbody/tr/td/\u0027 is not a valid XPath expression.\n  (Session info: chrome\u003d69.0.3497.100)\n  (Driver info: chromedriver\u003d2.39.562718 (9a2698cba08cf5a471a29d30c8b3e12becabb0e9),platform\u003dWindows NT 10.0.16299 x86_64) (WARNING: The server did not provide any stacktrace information)\nCommand duration or timeout: 0 milliseconds\nFor documentation on this error, please visit: http://seleniumhq.org/exceptions/invalid_selector_exception.html\nBuild info: version: \u00273.11.0\u0027, revision: \u0027e59cfb3\u0027, time: \u00272018-03-11T20:26:55.152Z\u0027\nSystem info: host: \u0027CHMEPPF0HG8X0\u0027, ip: \u002710.11.25.180\u0027, os.name: \u0027Windows 10\u0027, os.arch: \u0027amd64\u0027, os.version: \u002710.0\u0027, java.version: \u00271.8.0_131\u0027\nDriver info: org.openqa.selenium.remote.RemoteWebDriver\nCapabilities {acceptInsecureCerts: false, acceptSslCerts: false, applicationCacheEnabled: false, browserConnectionEnabled: false, browserName: chrome, chrome: {chromedriverVersion: 2.39.562718 (9a2698cba08cf5..., userDataDir: C:\\Users\\jmolanop\\AppData\\L...}, cssSelectorsEnabled: true, databaseEnabled: false, handlesAlerts: true, hasTouchScreen: false, javascriptEnabled: true, locationContextEnabled: true, mobileEmulationEnabled: false, nativeEvents: true, networkConnectionEnabled: false, pageLoadStrategy: normal, platform: XP, platformName: XP, rotatable: false, setWindowRect: true, takesHeapSnapshot: true, takesScreenshot: true, unexpectedAlertBehaviour: , unhandledPromptBehavior: , version: 69.0.3497.100, webStorageEnabled: true}\nSession ID: b969a7dce57e05625447cb3d20bcb4e9\n*** Element info: {Using\u003dxpath, value\u003d//*[@id\u003d\u0027Dialog_v7_LE_v8_tccell1_0\u0027]/table/tbody/tr/td/}","stackTrace":[{"declaringClass":"co.com.choucairtesting.certification.reto4screenplay.task.Report","methodName":"performAs","fileName":"Report.java","lineNumber":42},{"declaringClass":"co.com.choucairtesting.certificacion.reto4screenplay.stepdefinitions.Reto4ScreenPlayStepDefinitions","methodName":"santiago_wants_to_perform_the_report_of_his_activies_of_Maxtime","fileName":"Reto4ScreenPlayStepDefinitions.java","lineNumber":23},{"declaringClass":"cucumber.runner.Runner","methodName":"runPickle","fileName":"Runner.java","lineNumber":80}]}}},"testFailureClassname":"net.thucydides.core.webdriver.exceptions.ElementShouldBeEnabledException","testFailureMessage":"The following error occurred: Expected enabled element was not enabled","testFailureSummary":"FAILURE;net.thucydides.core.webdriver.exceptions.ElementShouldBeEnabledException;The following error occurred: Expected enabled element was not enabled;Report.java","projectKey":"","annotatedResult":"FAILURE","sessionId":"b969a7dce57e05625447cb3d20bcb4e9","driver":"chrome","manual":false,"testSource":"Cucumber","result":"FAILURE"}